<?xml version="1.0" encoding="UTF-8"?>
<testng-results skipped="0" failed="0" ignored="0" total="1" passed="1">
  <reporter-output>
  </reporter-output>
  <suite name="Default suite" duration-ms="37463" started-at="2020-06-17T07:55:11Z" finished-at="2020-06-17T07:55:48Z">
    <groups>
    </groups>
    <test name="Default test" duration-ms="37463" started-at="2020-06-17T07:55:11Z" finished-at="2020-06-17T07:55:48Z">
      <class name="testcases.TCscrollingoperation">
        <test-method status="PASS" signature="launchApp(java.lang.String, java.lang.String, java.lang.String, java.lang.String)[pri:0, instance:testcases.TCscrollingoperation@68c4039c]" name="launchApp" is-config="true" duration-ms="20000" started-at="2020-06-17T13:25:11Z" finished-at="2020-06-17T13:25:31Z">
          <params>
            <param index="0">
              <value>
                <![CDATA[chrome]]>
              </value>
            </param>
            <param index="1">
              <value>
                <![CDATA[http://automationpractice.com/index.php]]>
              </value>
            </param>
            <param index="2">
              <value>
                <![CDATA[5]]>
              </value>
            </param>
            <param index="3">
              <value>
                <![CDATA[5]]>
              </value>
            </param>
          </params>
          <reporter-output>
          </reporter-output>
        </test-method> <!-- launchApp -->
        <test-method status="PASS" signature="loginToApp(java.lang.String, java.lang.String)[pri:0, instance:testcases.TCscrollingoperation@68c4039c]" name="loginToApp" is-config="true" duration-ms="6509" started-at="2020-06-17T13:25:31Z" finished-at="2020-06-17T13:25:37Z">
          <params>
            <param index="0">
              <value>
                <![CDATA[nameishemanth@rediffmail.com]]>
              </value>
            </param>
            <param index="1">
              <value>
                <![CDATA[Testing@123]]>
              </value>
            </param>
          </params>
          <reporter-output>
          </reporter-output>
        </test-method> <!-- loginToApp -->
        <test-method status="PASS" signature="scrolling()[pri:0, instance:testcases.TCscrollingoperation@68c4039c]" name="scrolling" duration-ms="5139" started-at="2020-06-17T13:25:37Z" finished-at="2020-06-17T13:25:42Z">
          <reporter-output>
          </reporter-output>
        </test-method> <!-- scrolling -->
        <test-method status="PASS" signature="logoutFromApp(org.testng.ITestResult)[pri:0, instance:testcases.TCscrollingoperation@68c4039c]" name="logoutFromApp" is-config="true" duration-ms="4336" started-at="2020-06-17T13:25:43Z" finished-at="2020-06-17T13:25:47Z">
          <params>
            <param index="0">
              <value>
                <![CDATA[[TestResult name=scrolling status=SUCCESS method=TCscrollingoperation.scrolling()[pri:0, instance:testcases.TCscrollingoperation@68c4039c] output={null}]]]>
              </value>
            </param>
          </params>
          <reporter-output>
          </reporter-output>
        </test-method> <!-- logoutFromApp -->
        <test-method status="PASS" signature="closeApp()[pri:0, instance:testcases.TCscrollingoperation@68c4039c]" name="closeApp" is-config="true" duration-ms="1443" started-at="2020-06-17T13:25:47Z" finished-at="2020-06-17T13:25:48Z">
          <reporter-output>
          </reporter-output>
        </test-method> <!-- closeApp -->
      </class> <!-- testcases.TCscrollingoperation -->
    </test> <!-- Default test -->
  </suite> <!-- Default suite -->
</testng-results>
