<?xml version="1.0" encoding="UTF-8"?>
<!-- Generated by org.testng.reporters.JUnitXMLReporter -->
<testsuite hostname="LAPTOP-NLMRCDTF" ignored="0" name="Test" tests="2" failures="0" timestamp="17 Jun 2020 07:28:49 GMT" time="21.133" errors="0">
  <testcase name="@BeforeClass launchApp" time="20.047" classname="testcases.BaseTest">
    <failure type="java.lang.NullPointerException">
      <![CDATA[java.lang.NullPointerException
	at java.util.Objects.requireNonNull(Unknown Source)
	at org.openqa.selenium.interactions.Actions.<init>(Actions.java:65)
	at library.WebActionUtil.<init>(WebActionUtil.java:15)
	at testcases.BaseTest.launchApp(BaseTest.java:58)
... Removed 25 stack frames]]>
    </failure>
  </testcase> <!-- @BeforeClass launchApp -->
  <testcase name="@BeforeMethod loginToApp" time="0.0" classname="testcases.BaseTest">
    <skipped/>
  </testcase> <!-- @BeforeMethod loginToApp -->
  <testcase name="@BeforeClass launchApp" time="0.0" classname="testcases.BaseTest">
    <skipped/>
  </testcase> <!-- @BeforeClass launchApp -->
  <testcase name="@BeforeMethod loginToApp" time="0.0" classname="testcases.BaseTest">
    <skipped/>
  </testcase> <!-- @BeforeMethod loginToApp -->
  <testcase name="@AfterClass closeApp" time="0.0" classname="testcases.BaseTest">
    <failure type="java.lang.NullPointerException">
      <![CDATA[java.lang.NullPointerException
	at testcases.BaseTest.closeApp(BaseTest.java:84)
... Removed 25 stack frames]]>
    </failure>
  </testcase> <!-- @AfterClass closeApp -->
  <testcase name="addProductToCart" time="0.002" classname="testcases.TC001">
    <skipped/>
  </testcase> <!-- addProductToCart -->
  <testcase name="scrolling" time="0.0" classname="testcases.TCscrollingoperation">
    <skipped/>
  </testcase> <!-- scrolling -->
</testsuite> <!-- Test -->
