<?xml version="1.0" encoding="UTF-8"?>
<!-- Generated by org.testng.reporters.JUnitXMLReporter -->
<testsuite hostname="DESKTOP-VF6HSB6" ignored="0" name="Test" tests="6" failures="0" timestamp="2020-07-07T12:22:15 IST" time="196.297" errors="0">
  <testcase name="addProductToCartFromExcel" time="16.835" classname="testcases.TC002"/>
  <testcase name="addProductToCartFromExcel" time="14.276" classname="testcases.TC002"/>
  <testcase name="addProductToCartFromExcel" time="13.018" classname="testcases.TC002"/>
  <testcase name="addProductToCartFromExcel" time="14.509" classname="testcases.TC002"/>
  <testcase name="addProductToCartFromExcel" time="14.976" classname="testcases.TC002"/>
  <testcase name="addProductToCart" time="15.832" classname="testcases.TC001"/>
</testsuite> <!-- Test -->
